  CApplication.cpp
  CBlock.cpp
  CBullet.cpp
  CCamera.cpp
  CCharacter.cpp
  CCharacter3.cpp
  CCharacterManager.cpp
  CEnemy.cpp
  CEnemy2.cpp
  CFont.cpp
  CGame.cpp
  CMaterial.cpp
  CMatrix.cpp
C:\Users\ts975\OneDrive\デスクトップ\Git\01Ookawa\3DLv1_vs2019_00\GameProgramming\src\CMatrix.cpp(15,12): warning C4244: '初期化中': 'double' から 'float' への変換です。データが失われる可能性があります。
C:\Users\ts975\OneDrive\デスクトップ\Git\01Ookawa\3DLv1_vs2019_00\GameProgramming\src\CMatrix.cpp(29,12): warning C4244: '初期化中': 'double' から 'float' への変換です。データが失われる可能性があります。
C:\Users\ts975\OneDrive\デスクトップ\Git\01Ookawa\3DLv1_vs2019_00\GameProgramming\src\CMatrix.cpp(43,12): warning C4244: '初期化中': 'double' から 'float' への変換です。データが失われる可能性があります。
  CModel.cpp
C:\Users\ts975\OneDrive\デスクトップ\Git\01Ookawa\3DLv1_vs2019_00\GameProgramming\src\CModel.cpp(17,20): warning C4018: '<': signed と unsigned の数値を比較しようとしました。
C:\Users\ts975\OneDrive\デスクトップ\Git\01Ookawa\3DLv1_vs2019_00\GameProgramming\src\CModel.cpp(157,20): warning C4018: '<': signed と unsigned の数値を比較しようとしました。
C:\Users\ts975\OneDrive\デスクトップ\Git\01Ookawa\3DLv1_vs2019_00\GameProgramming\src\CModel.cpp(209,20): warning C4018: '<': signed と unsigned の数値を比較しようとしました。
C:\Users\ts975\OneDrive\デスクトップ\Git\01Ookawa\3DLv1_vs2019_00\GameProgramming\src\CModel.cpp(211,21): warning C4018: '<': signed と unsigned の数値を比較しようとしました。
  CPlayer.cpp
  CPlayer2.cpp
C:\Users\ts975\OneDrive\デスクトップ\Git\01Ookawa\3DLv1_vs2019_00\GameProgramming\src\CPlayer2.cpp(12,1): warning C4005: 'VELOCITY': マクロが再定義されました。
C:\Users\ts975\OneDrive\デスクトップ\Git\01Ookawa\3DLv1_vs2019_00\GameProgramming\src\CCharacter.h(6): message : 'VELOCITY' の以前の定義を確認してください
  CPoint.cpp
  CRectangle.cpp
  CSound.cpp
  CTexture.cpp
  コードを生成中...
  コンパイル中...
  CInput.cpp
  CTransform.cpp
  CTriangle.cpp
  CUi.cpp
  CVector.cpp
  main.cpp
  コードを生成中...
LINK : warning LNK4098: defaultlib 'MSVCRT' は他のライブラリの使用と競合しています。/NODEFAULTLIB:library を使用してください。
LINK : warning LNK4098: defaultlib 'LIBCMT' は他のライブラリの使用と競合しています。/NODEFAULTLIB:library を使用してください。
  GameProgramming.vcxproj -> C:\Users\ts975\OneDrive\デスクトップ\Git\01Ookawa\3DLv1_vs2019_00\Debug\GameProgramming.exe
